# JRE version: Java(TM) SE Runtime Environment (8.0_271-b09) (build 1.8.0_271-b09)
# Java VM: Java HotSpot(TM) 64-Bit Server VM (25.271-b09 mixed mode windows-amd64 compressed oops)
Heap:
 PSYoungGen      total 622080K, used 481899K [0x00000000d5580000, 0x00000000ffc00000, 0x0000000100000000)
  eden space 551424K, 83% used [0x00000000d5580000,0x00000000f1953d30,0x00000000f7000000)
  from space 70656K, 27% used [0x00000000f7000000,0x00000000f82c72a8,0x00000000fb500000)
  to   space 67072K, 0% used [0x00000000fba80000,0x00000000fba80000,0x00000000ffc00000)
 ParOldGen       total 338944K, used 281736K [0x0000000080000000, 0x0000000094b00000, 0x00000000d5580000)
  object space 338944K, 83% used [0x0000000080000000,0x0000000091322018,0x0000000094b00000)
 Metaspace       used 127394K, capacity 137106K, committed 137344K, reserved 1169408K
  class space    used 16355K, capacity 17982K, committed 18048K, reserved 1048576K
GC Heap History (10 events):
Event: 8236.727 GC heap before
{Heap before GC invocations=40 (full 5):
 PSYoungGen      total 603136K, used 548870K [0x00000000d5580000, 0x00000000ff600000, 0x0000000100000000)
  eden space 528896K, 100% used [0x00000000d5580000,0x00000000f5a00000,0x00000000f5a00000)
  from space 74240K, 26% used [0x00000000fad80000,0x00000000fc101968,0x00000000ff600000)
  to   space 79872K, 0% used [0x00000000f5a00000,0x00000000f5a00000,0x00000000fa800000)
 ParOldGen       total 338944K, used 220566K [0x0000000080000000, 0x0000000094b00000, 0x00000000d5580000)
  object space 338944K, 65% used [0x0000000080000000,0x000000008d765a58,0x0000000094b00000)
 Metaspace       used 123626K, capacity 132708K, committed 132864K, reserved 1165312K
  class space    used 15873K, capacity 17407K, committed 17408K, reserved 1048576K
Event: 8237.816 GC heap after
Heap after GC invocations=40 (full 5):
 PSYoungGen      total 608768K, used 21179K [0x00000000d5580000, 0x00000000ffc80000, 0x0000000100000000)
  eden space 528896K, 0% used [0x00000000d5580000,0x00000000d5580000,0x00000000f5a00000)
  from space 79872K, 26% used [0x00000000f5a00000,0x00000000f6eaef20,0x00000000fa800000)
  to   space 75264K, 0% used [0x00000000fb300000,0x00000000fb300000,0x00000000ffc80000)
 ParOldGen       total 338944K, used 238523K [0x0000000080000000, 0x0000000094b00000, 0x00000000d5580000)
  object space 338944K, 70% used [0x0000000080000000,0x000000008e8eed60,0x0000000094b00000)
 Metaspace       used 123626K, capacity 132708K, committed 132864K, reserved 1165312K
  class space    used 15873K, capacity 17407K, committed 17408K, reserved 1048576K
}
Event: 8246.344 GC heap before
{Heap before GC invocations=41 (full 5):
 PSYoungGen      total 608768K, used 550075K [0x00000000d5580000, 0x00000000ffc80000, 0x0000000100000000)
  eden space 528896K, 100% used [0x00000000d5580000,0x00000000f5a00000,0x00000000f5a00000)
  from space 79872K, 26% used [0x00000000f5a00000,0x00000000f6eaef20,0x00000000fa800000)
  to   space 75264K, 0% used [0x00000000fb300000,0x00000000fb300000,0x00000000ffc80000)
 ParOldGen       total 338944K, used 238523K [0x0000000080000000, 0x0000000094b00000, 0x00000000d5580000)
  object space 338944K, 70% used [0x0000000080000000,0x000000008e8eed60,0x0000000094b00000)
 Metaspace       used 123626K, capacity 132708K, committed 132864K, reserved 1165312K
  class space    used 15873K, capacity 17407K, committed 17408K, reserved 1048576K
Event: 8247.481 GC heap after
Heap after GC invocations=41 (full 5):
 PSYoungGen      total 614912K, used 6044K [0x00000000d5580000, 0x00000000ff880000, 0x0000000100000000)
  eden space 543744K, 0% used [0x00000000d5580000,0x00000000d5580000,0x00000000f6880000)
  from space 71168K, 8% used [0x00000000fb300000,0x00000000fb8e70d0,0x00000000ff880000)
  to   space 73728K, 0% used [0x00000000f6880000,0x00000000f6880000,0x00000000fb080000)
 ParOldGen       total 338944K, used 250781K [0x0000000080000000, 0x0000000094b00000, 0x00000000d5580000)
  object space 338944K, 73% used [0x0000000080000000,0x000000008f4e7788,0x0000000094b00000)
 Metaspace       used 123626K, capacity 132708K, committed 132864K, reserved 1165312K
  class space    used 15873K, capacity 17407K, committed 17408K, reserved 1048576K
}
Event: 8417.699 GC heap before
{Heap before GC invocations=42 (full 5):
 PSYoungGen      total 614912K, used 549788K [0x00000000d5580000, 0x00000000ff880000, 0x0000000100000000)
  eden space 543744K, 100% used [0x00000000d5580000,0x00000000f6880000,0x00000000f6880000)
  from space 71168K, 8% used [0x00000000fb300000,0x00000000fb8e70d0,0x00000000ff880000)
  to   space 73728K, 0% used [0x00000000f6880000,0x00000000f6880000,0x00000000fb080000)
 ParOldGen       total 338944K, used 250781K [0x0000000080000000, 0x0000000094b00000, 0x00000000d5580000)
  object space 338944K, 73% used [0x0000000080000000,0x000000008f4e7788,0x0000000094b00000)
 Metaspace       used 125344K, capacity 134626K, committed 134912K, reserved 1167360K
  class space    used 16083K, capacity 17632K, committed 17664K, reserved 1048576K
Event: 8422.944 GC heap after
Heap after GC invocations=42 (full 5):
 PSYoungGen      total 617472K, used 36456K [0x00000000d5580000, 0x0000000100000000, 0x0000000100000000)
  eden space 543744K, 0% used [0x00000000d5580000,0x00000000d5580000,0x00000000f6880000)
  from space 73728K, 49% used [0x00000000f6880000,0x00000000f8c1a078,0x00000000fb080000)
  to   space 73728K, 0% used [0x00000000fb800000,0x00000000fb800000,0x0000000100000000)
 ParOldGen       total 338944K, used 256205K [0x0000000080000000, 0x0000000094b00000, 0x00000000d5580000)
  object space 338944K, 75% used [0x0000000080000000,0x000000008fa336b8,0x0000000094b00000)
 Metaspace       used 125344K, capacity 134626K, committed 134912K, reserved 1167360K
  class space    used 16083K, capacity 17632K, committed 17664K, reserved 1048576K
}
Event: 8525.405 GC heap before
{Heap before GC invocations=43 (full 5):
 PSYoungGen      total 617472K, used 580200K [0x00000000d5580000, 0x0000000100000000, 0x0000000100000000)
  eden space 543744K, 100% used [0x00000000d5580000,0x00000000f6880000,0x00000000f6880000)
  from space 73728K, 49% used [0x00000000f6880000,0x00000000f8c1a078,0x00000000fb080000)
  to   space 73728K, 0% used [0x00000000fb800000,0x00000000fb800000,0x0000000100000000)
 ParOldGen       total 338944K, used 256205K [0x0000000080000000, 0x0000000094b00000, 0x00000000d5580000)
  object space 338944K, 75% used [0x0000000080000000,0x000000008fa336b8,0x0000000094b00000)
 Metaspace       used 126562K, capacity 135976K, committed 136192K, reserved 1167360K
  class space    used 16239K, capacity 17797K, committed 17920K, reserved 1048576K
Event: 8529.376 GC heap after
Heap after GC invocations=43 (full 5):
 PSYoungGen      total 619008K, used 13128K [0x00000000d5580000, 0x00000000ffa00000, 0x0000000100000000)
  eden space 551424K, 0% used [0x00000000d5580000,0x00000000d5580000,0x00000000f7000000)
  from space 67584K, 19% used [0x00000000fb800000,0x00000000fc4d23b8,0x00000000ffa00000)
  to   space 70656K, 0% used [0x00000000f7000000,0x00000000f7000000,0x00000000fb500000)
 ParOldGen       total 338944K, used 276866K [0x0000000080000000, 0x0000000094b00000, 0x00000000d5580000)
  object space 338944K, 81% used [0x0000000080000000,0x0000000090e60978,0x0000000094b00000)
 Metaspace       used 126562K, capacity 135976K, committed 136192K, reserved 1167360K
  class space    used 16239K, capacity 17797K, committed 17920K, reserved 1048576K
}
Event: 8568.275 GC heap before
{Heap before GC invocations=44 (full 5):
 PSYoungGen      total 619008K, used 564552K [0x00000000d5580000, 0x00000000ffa00000, 0x0000000100000000)
  eden space 551424K, 100% used [0x00000000d5580000,0x00000000f7000000,0x00000000f7000000)
  from space 67584K, 19% used [0x00000000fb800000,0x00000000fc4d23b8,0x00000000ffa00000)
  to   space 70656K, 0% used [0x00000000f7000000,0x00000000f7000000,0x00000000fb500000)
 ParOldGen       total 338944K, used 276866K [0x0000000080000000, 0x0000000094b00000, 0x00000000d5580000)
  object space 338944K, 81% used [0x0000000080000000,0x0000000090e60978,0x0000000094b00000)
 Metaspace       used 126963K, capacity 136634K, committed 136704K, reserved 1167360K
  class space    used 16298K, capacity 17916K, committed 17920K, reserved 1048576K
Event: 8572.817 GC heap after
Heap after GC invocations=44 (full 5):
 PSYoungGen      total 622080K, used 19228K [0x00000000d5580000, 0x00000000ffc00000, 0x0000000100000000)
  eden space 551424K, 0% used [0x00000000d5580000,0x00000000d5580000,0x00000000f7000000)
  from space 70656K, 27% used [0x00000000f7000000,0x00000000f82c72a8,0x00000000fb500000)
  to   space 67072K, 0% used [0x00000000fba80000,0x00000000fba80000,0x00000000ffc00000)
 ParOldGen       total 338944K, used 281736K [0x0000000080000000, 0x0000000094b00000, 0x00000000d5580000)
  object space 338944K, 83% used [0x0000000080000000,0x0000000091322018,0x0000000094b00000)
 Metaspace       used 126963K, capacity 136634K, committed 136704K, reserved 1167360K
  class space    used 16298K, capacity 17916K, committed 17920K, reserved 1048576K
}

